{"/home/mario/Code/JavaScript-Module/javascript-capstone/src/modules/counters.js": {"path":"/home/mario/Code/JavaScript-Module/javascript-capstone/src/modules/counters.js","statementMap":{"0":{"start":{"line":3,"column":22},"end":{"line":9,"column":1}},"1":{"start":{"line":4,"column":2},"end":{"line":8,"column":3}},"2":{"start":{"line":4,"column":15},"end":{"line":4,"column":16}},"3":{"start":{"line":5,"column":4},"end":{"line":7,"column":5}},"4":{"start":{"line":6,"column":6},"end":{"line":6,"column":64}},"5":{"start":{"line":11,"column":19},"end":{"line":11,"column":50}},"6":{"start":{"line":11,"column":34},"end":{"line":11,"column":50}},"7":{"start":{"line":13,"column":24},"end":{"line":18,"column":1}},"8":{"start":{"line":14,"column":2},"end":{"line":14,"column":27}},"9":{"start":{"line":15,"column":2},"end":{"line":17,"column":45}}},"fnMap":{"0":{"name":"(anonymous_0)","decl":{"start":{"line":3,"column":22},"end":{"line":3,"column":23}},"loc":{"start":{"line":3,"column":62},"end":{"line":9,"column":1}},"line":3},"1":{"name":"(anonymous_1)","decl":{"start":{"line":11,"column":19},"end":{"line":11,"column":20}},"loc":{"start":{"line":11,"column":34},"end":{"line":11,"column":50}},"line":11},"2":{"name":"(anonymous_2)","decl":{"start":{"line":13,"column":24},"end":{"line":13,"column":25}},"loc":{"start":{"line":13,"column":44},"end":{"line":18,"column":1}},"line":13}},"branchMap":{"0":{"loc":{"start":{"line":5,"column":4},"end":{"line":7,"column":5}},"type":"if","locations":[{"start":{"line":5,"column":4},"end":{"line":7,"column":5}},{"start":{"line":5,"column":4},"end":{"line":7,"column":5}}],"line":5},"1":{"loc":{"start":{"line":15,"column":2},"end":{"line":17,"column":44}},"type":"cond-expr","locations":[{"start":{"line":16,"column":7},"end":{"line":16,"column":57}},{"start":{"line":17,"column":7},"end":{"line":17,"column":43}}],"line":15}},"s":{"0":1,"1":3,"2":3,"3":9,"4":3,"5":1,"6":2,"7":1,"8":0,"9":0},"f":{"0":3,"1":2,"2":0},"b":{"0":[3,6],"1":[0,0]},"_coverageSchema":"1a1c01bbd47fc00a2c39e90264f33305004495a9","hash":"1fe438db6ac3bd514bb6deab78d0bdd3c76d5dcf"}
}
